#
# There is insufficient memory for the Java Runtime Environment to continue.
# Native memory allocation (mmap) failed to map 132120576 bytes for Failed to commit area from 0x0000000082200000 to 0x000000008a000000 of length 132120576.
# Possible reasons:
#   The system is out of physical RAM or swap space
#   The process is running with CompressedOops enabled, and the Java Heap may be blocking the growth of the native heap
# Possible solutions:
#   Reduce memory load on the system
#   Increase physical memory or swap space
#   Check if swap backing store is full
#   Decrease Java heap size (-Xmx/-Xms)
#   Decrease number of Java threads
#   Decrease Java thread stack sizes (-Xss)
#   Set larger code cache with -XX:ReservedCodeCacheSize=
# This output file may be truncated or incomplete.
#
#  Out of Memory Error (./src/hotspot/os/windows/os_windows.cpp:3521), pid=2000, tid=9220
#
# JRE version:  (11.0.12+7) (build )
# Java VM: OpenJDK 64-Bit Server VM (11.0.12+7-b1504.28-7817840, mixed mode, sharing, tiered, compressed oops, g1 gc, windows-amd64)
# No core dump will be written. Minidumps are not enabled by default on client versions of Windows
#

---------------  S U M M A R Y ------------

Command Line: git4idea.http.GitAskPassApp Username for 'https://github.com': 

Host: Intel(R) Core(TM) i3-10100 CPU @ 3.60GHz, 8 cores, 7G,  Windows 10 , 64 bit Build 22621 (10.0.22621.755)
Time: Fri Dec  2 21:15:06 2022 Hora estándar central (México) elapsed time: 0.014458 seconds (0d 0h 0m 0s)

---------------  T H R E A D  ---------------

Current thread (0x0000026a286a9000):  JavaThread "Unknown thread" [_thread_in_vm, id=9220, stack(0x000000a934200000,0x000000a934300000)]

Stack: [0x000000a934200000,0x000000a934300000]
Native frames: (J=compiled Java code, j=interpreted, Vv=VM code, C=native code)
V  [jvm.dll+0x5fbcea]
V  [jvm.dll+0x731905]
V  [jvm.dll+0x732f1d]
V  [jvm.dll+0x7335d3]
V  [jvm.dll+0x247bf8]
V  [jvm.dll+0x5f90b4]
V  [jvm.dll+0x5edc85]
V  [jvm.dll+0x305aeb]
V  [jvm.dll+0x305a5a]
V  [jvm.dll+0x305932]
V  [jvm.dll+0x30a896]
V  [jvm.dll+0x353803]
V  [jvm.dll+0x353f06]
V  [jvm.dll+0x353903]
V  [jvm.dll+0x2e0678]
V  [jvm.dll+0x2e1827]
V  [jvm.dll+0x710037]
V  [jvm.dll+0x71182c]
V  [jvm.dll+0x360da9]
V  [jvm.dll+0x6f390e]
V  [jvm.dll+0x3c9723]
V  [jvm.dll+0x3cb9b1]
C  [jli.dll+0x536b]
C  [ucrtbase.dll+0x29363]
C  [KERNEL32.DLL+0x1244d]
C  [ntdll.dll+0x5dfb8]


---------------  P R O C E S S  ---------------

Threads class SMR info:
_java_thread_list=0x0000026a2651e3c0, length=0, elements={
}

Java Threads: ( => current thread )

Other Threads:
  0x0000026a286c1000 GCTaskThread "GC Thread#0" [stack: 0x000000a934300000,0x000000a934400000] [id=22064]
  0x0000026a286f2000 ConcurrentGCThread "G1 Main Marker" [stack: 0x000000a934400000,0x000000a934500000] [id=7600]
  0x0000026a286f6000 ConcurrentGCThread "G1 Conc#0" [stack: 0x000000a934500000,0x000000a934600000] [id=21588]

[error occurred during error reporting (printing all threads), id 0xc0000005, EXCEPTION_ACCESS_VIOLATION (0xc0000005) at pc=0x00007ffa3b8a0be7]

VM state:not at safepoint (not fully initialized)

VM Mutex/Monitor currently owned by a thread:  ([mutex/lock_event])
[0x0000026a286a58b0] Heap_lock - owner thread: 0x0000026a286a9000

Heap address: 0x0000000082200000, size: 2014 MB, Compressed Oops mode: Non-zero based: 0x0000000082200000
Narrow klass base: 0x0000000000000000, Narrow klass shift: 0

GC Heap History (0 events):
No events

Deoptimization events (0 events):
No events

Classes redefined (0 events):
No events

Internal exceptions (0 events):
No events

Events (1 events):
Event: 0.010 Loaded shared library C:\Program Files\Android\Android Studio\jre\bin\zip.dll


Dynamic libraries:
0x00007ff7fa440000 - 0x00007ff7fa44a000 	C:\Program Files\Android\Android Studio\jre\bin\java.exe
0x00007ffa9a1d0000 - 0x00007ffa9a3e4000 	C:\WINDOWS\SYSTEM32\ntdll.dll
0x00007ffa4c900000 - 0x00007ffa4c917000 	C:\Program Files\Avast Software\Avast\aswhook.dll
0x00007ffa98ff0000 - 0x00007ffa990b2000 	C:\WINDOWS\System32\KERNEL32.DLL
0x00007ffa97600000 - 0x00007ffa9799d000 	C:\WINDOWS\System32\KERNELBASE.dll
0x00007ffa97a10000 - 0x00007ffa97b21000 	C:\WINDOWS\System32\ucrtbase.dll
0x00007ffa7fd30000 - 0x00007ffa7fd49000 	C:\Program Files\Android\Android Studio\jre\bin\jli.dll
0x00007ffa7fcb0000 - 0x00007ffa7fcc7000 	C:\Program Files\Android\Android Studio\jre\bin\VCRUNTIME140.dll
0x00007ffa98e40000 - 0x00007ffa98fea000 	C:\WINDOWS\System32\USER32.dll
0x00007ffa7ed80000 - 0x00007ffa7f00e000 	C:\WINDOWS\WinSxS\amd64_microsoft.windows.common-controls_6595b64144ccf1df_6.0.22621.608_none_a9444ca7c10bb01d\COMCTL32.dll
0x00007ffa97c50000 - 0x00007ffa97c76000 	C:\WINDOWS\System32\win32u.dll
0x00007ffa980b0000 - 0x00007ffa98157000 	C:\WINDOWS\System32\msvcrt.dll
0x00007ffa994d0000 - 0x00007ffa994f9000 	C:\WINDOWS\System32\GDI32.dll
0x00007ffa97df0000 - 0x00007ffa97f02000 	C:\WINDOWS\System32\gdi32full.dll
0x00007ffa97bb0000 - 0x00007ffa97c4a000 	C:\WINDOWS\System32\msvcp_win.dll
0x00007ffa99a40000 - 0x00007ffa99a72000 	C:\WINDOWS\System32\IMM32.DLL
0x00007ffa6d030000 - 0x00007ffa6d0cd000 	C:\Program Files\Android\Android Studio\jre\bin\msvcp140.dll
0x00007ffa3b5b0000 - 0x00007ffa3c095000 	C:\Program Files\Android\Android Studio\jre\bin\server\jvm.dll
0x00007ffa99420000 - 0x00007ffa994ce000 	C:\WINDOWS\System32\ADVAPI32.dll
0x00007ffa99ea0000 - 0x00007ffa99f44000 	C:\WINDOWS\System32\sechost.dll
0x00007ffa98d00000 - 0x00007ffa98e15000 	C:\WINDOWS\System32\RPCRT4.dll
0x00007ffa980a0000 - 0x00007ffa980a8000 	C:\WINDOWS\System32\PSAPI.DLL
0x00007ffa7e4d0000 - 0x00007ffa7e4d9000 	C:\WINDOWS\SYSTEM32\WSOCK32.dll
0x00007ffa85a80000 - 0x00007ffa85ab4000 	C:\WINDOWS\SYSTEM32\WINMM.dll
0x00007ffa91ba0000 - 0x00007ffa91baa000 	C:\WINDOWS\SYSTEM32\VERSION.dll
0x00007ffa9a110000 - 0x00007ffa9a181000 	C:\WINDOWS\System32\WS2_32.dll
0x00007ffa96630000 - 0x00007ffa96648000 	C:\WINDOWS\SYSTEM32\kernel.appcore.dll
0x00007ffa84ce0000 - 0x00007ffa84cf1000 	C:\Program Files\Android\Android Studio\jre\bin\verify.dll
0x00007ffa8d9b0000 - 0x00007ffa8dbde000 	C:\WINDOWS\SYSTEM32\DBGHELP.DLL
0x00007ffa99a80000 - 0x00007ffa99e0a000 	C:\WINDOWS\System32\combase.dll
0x00007ffa98a40000 - 0x00007ffa98b17000 	C:\WINDOWS\System32\OLEAUT32.dll
0x00007ffa8df40000 - 0x00007ffa8df72000 	C:\WINDOWS\SYSTEM32\dbgcore.DLL
0x00007ffa97b30000 - 0x00007ffa97bab000 	C:\WINDOWS\System32\bcryptPrimitives.dll
0x00007ffa84a90000 - 0x00007ffa84ab9000 	C:\Program Files\Android\Android Studio\jre\bin\java.dll
0x00007ffa85a20000 - 0x00007ffa85a2b000 	C:\Program Files\Android\Android Studio\jre\bin\jimage.dll
0x00007ffa84150000 - 0x00007ffa84168000 	C:\Program Files\Android\Android Studio\jre\bin\zip.dll

dbghelp: loaded successfully - version: 4.0.5 - missing functions: none
symbol engine: initialized successfully - sym options: 0x614 - pdb path: .;C:\Program Files\Android\Android Studio\jre\bin;C:\WINDOWS\SYSTEM32;C:\Program Files\Avast Software\Avast;C:\WINDOWS\WinSxS\amd64_microsoft.windows.common-controls_6595b64144ccf1df_6.0.22621.608_none_a9444ca7c10bb01d;C:\Program Files\Android\Android Studio\jre\bin\server

VM Arguments:
java_command: git4idea.http.GitAskPassApp Username for 'https://github.com': 
java_class_path (initial): C:/Program Files/Android/Android Studio/plugins/git4idea/lib/git4idea-rt.jar;C:/Program Files/Android/Android Studio/lib/xmlrpc-2.0.1.jar;C:/Program Files/Android/Android Studio/lib/commons-codec-1.15.jar
Launcher Type: SUN_STANDARD

[Global flags]
     intx CICompilerCount                          = 4                                         {product} {ergonomic}
     uint ConcGCThreads                            = 2                                         {product} {ergonomic}
     uint G1ConcRefinementThreads                  = 8                                         {product} {ergonomic}
   size_t G1HeapRegionSize                         = 1048576                                   {product} {ergonomic}
    uintx GCDrainStackTargetSize                   = 64                                        {product} {ergonomic}
   size_t InitialHeapSize                          = 132120576                                 {product} {ergonomic}
   size_t MarkStackSize                            = 4194304                                   {product} {ergonomic}
   size_t MaxHeapSize                              = 2111832064                                {product} {ergonomic}
   size_t MinHeapDeltaBytes                        = 1048576                                   {product} {ergonomic}
    uintx NonNMethodCodeHeapSize                   = 5836300                                {pd product} {ergonomic}
    uintx NonProfiledCodeHeapSize                  = 122910970                              {pd product} {ergonomic}
    uintx ProfiledCodeHeapSize                     = 122910970                              {pd product} {ergonomic}
    uintx ReservedCodeCacheSize                    = 251658240                              {pd product} {ergonomic}
     bool SegmentedCodeCache                       = true                                      {product} {ergonomic}
     bool UseCompressedClassPointers               = true                                 {lp64_product} {ergonomic}
     bool UseCompressedOops                        = true                                 {lp64_product} {ergonomic}
     bool UseG1GC                                  = true                                      {product} {ergonomic}
     bool UseLargePagesIndividualAllocation        = false                                  {pd product} {ergonomic}

Logging:
Log output configuration:
 #0: stdout all=warning uptime,level,tags
 #1: stderr all=off uptime,level,tags

Environment Variables:
JAVA_HOME=C:\Program Files\Java\jre1.8.0_341\bin
PATH=C:\Program Files\Git\mingw64\libexec\git-core;C:\Program Files\Git\mingw64\libexec\git-core;C:\Program Files\Git\mingw64\bin;C:\Program Files\Git\usr\bin;C:\Users\ruben\bin;C:\Python310\Scripts;C:\Python310;C:\Program Files (x86)\Common Files\Oracle\Java\javapath;C:\Python39\Scripts;C:\Python39;C:\Program Files\Common Files\Oracle\Java\javapath;C:\Program Files (x86)\Common Files\Intel\Shared Libraries\redist\intel64_win\compiler;C:\WINDOWS\system32;C:\WINDOWS;C:\WINDOWS\System32\Wbem;C:\WINDOWS\System32\WindowsPowerShell\v1.0;C:\WINDOWS\System32\OpenSSH;C:\Program Files\dotnet;C:\Program Files\Microsoft SQL Server\130\Tools\Binn;C:\Program Files\Microsoft SQL Server\Client SDK\ODBC\130\Tools\Binn;C:\Program Files (x86)\Microsoft SQL Server\130\Tools\Binn;C:\Program Files\Microsoft SQL Server\130\DTS\Binn;C:\Program Files (x86)\Microsoft SQL Server\150\DTS\Binn;C:\ProgramData\chocolatey\bin;C:\Program Files\OpenJDK\openjdk-8u272-b10\bin;C:\Program Files (x86)\Yarn\bin;C:\Program Files\Amazon\AWSCLIV2;C:\Program Files\nodejs;C:\Program Files\Docker\Docker\resources\bin;C:\ProgramData\DockerDesktop\version-bin;C:\Program Files\Git\cmd;C:\Program Files\MongoDB\Server\5.0\bin;C:\Program Files\PuTTY;C:\Program Files\MySQL\MySQL Shell 8.0\bin;C:\Users\ruben\AppData\Local\Microsoft\WindowsApps;C:\Users\Rubén\AppData\Local\GitHubDesktop\bin;C:\Users\ruben\AppData\Local\Android\Sdk\platform-tools;C:\Users\ruben\AppData\Local\Yarn\bin;C:\Users\ruben\AppData\Local\GitHubDesktop\bin;C:\Program Files\MongoDB\Server\4.4\bin;C:\Program Files\MySQL\MySQL Server 8.0\bin;C:\Users\ruben\AppData\Roaming\npm;C:\Program Files\Multipass\bin;C:\Users\ruben\AppData\Local\Programs\Microsoft VS Code\bin;C:\Users\ruben\.deno\bin;C:\Program Files\heroku\bin;C:\Users\ruben\AppData\Local\Microsoft\WindowsApps
USERNAME=ruben
DISPLAY=:0.0
LC_ALL=en_US.UTF-8
OS=Windows_NT
PROCESSOR_IDENTIFIER=Intel64 Family 6 Model 165 Stepping 3, GenuineIntel



---------------  S Y S T E M  ---------------

OS: Windows 10 , 64 bit Build 22621 (10.0.22621.755)
OS uptime: 0 days 8:58 hours
Hyper-V role detected

CPU:total 8 (initial active 8) (4 cores per cpu, 2 threads per core) family 6 model 165 stepping 3 microcode 0xe0, cmov, cx8, fxsr, mmx, sse, sse2, sse3, ssse3, sse4.1, sse4.2, popcnt, avx, avx2, aes, clmul, erms, 3dnowpref, lzcnt, ht, tsc, tscinvbit, bmi1, bmi2, adx, fma

Memory: 4k page, system-wide physical 8053M (1170M free)
TotalPageFile size 16245M (AvailPageFile size 82M)
current process WorkingSet (physical memory assigned to process): 11M, peak: 11M
current process commit charge ("private bytes"): 60M, peak: 186M

vm_info: OpenJDK 64-Bit Server VM (11.0.12+7-b1504.28-7817840) for windows-amd64 JRE (11.0.12+7-b1504.28-7817840), built on Oct 13 2021 22:12:33 by "builder" with MS VC++ 14.0 (VS2015)

END.
